<?xml version="1.0" encoding="UTF-8"?>
<!-- Generated by org.testng.reporters.JUnitXMLReporter -->
<testsuite ignored="0" hostname="LAPTOP-F2ADQDQC" failures="1" tests="1" name="Edge" time="12.436" errors="0" timestamp="2024-06-02T12:29:18 IST">
  <testcase classname="testcases.Tc_001_ValidateAccountRegestration" name="vaildate_AccountCreation" time="3.376">
    <failure type="java.lang.AssertionError" message="null">
      <![CDATA[java.lang.AssertionError: null
at testcases.Tc_001_ValidateAccountRegestration.vaildate_AccountCreation(Tc_001_ValidateAccountRegestration.java:50)
at java.base/java.util.ArrayList.forEach(ArrayList.java:1511)
at java.base/java.util.concurrent.FutureTask.run(FutureTask.java:317)
at java.base/java.util.concurrent.ThreadPoolExecutor.runWorker(ThreadPoolExecutor.java:1144)
at java.base/java.util.concurrent.ThreadPoolExecutor$Worker.run(ThreadPoolExecutor.java:642)
at java.base/java.lang.Thread.run(Thread.java:1623)
... Removed 18 stack frames]]>
    </failure>
  </testcase> <!-- vaildate_AccountCreation -->
</testsuite> <!-- Edge -->
