<?xml version="1.0" encoding="UTF-8"?>
<!-- Generated by org.testng.reporters.JUnitXMLReporter -->
<testsuite ignored="0" hostname="LAPTOP-F2ADQDQC" failures="1" tests="2" name="Test" time="37.572" errors="0" timestamp="2024-06-10T11:07:50 IST">
  <testcase classname="testcases.Tc_001_ValidateAccountRegestration" name="vaildate_AccountCreation" time="14.45">
    <failure type="java.lang.AssertionError" message="null">
      <![CDATA[java.lang.AssertionError: null
at testcases.Tc_001_ValidateAccountRegestration.vaildate_AccountCreation(Tc_001_ValidateAccountRegestration.java:50)
at java.base/java.util.ArrayList.forEach(ArrayList.java:1511)
... Removed 27 stack frames]]>
    </failure>
  </testcase> <!-- vaildate_AccountCreation -->
  <testcase classname="testcases.Tc_002_ValidateloginFunctionality" name="validatelogin" time="4.097"/>
</testsuite> <!-- Test -->
