<?xml version="1.0" encoding="UTF-8"?>
<!-- Generated by org.testng.reporters.JUnitXMLReporter -->
<testsuite ignored="0" hostname="LAPTOP-F2ADQDQC" failures="1" tests="1" name="Test(failed)" time="17.972" errors="0" timestamp="2024-06-08T08:58:50 IST">
  <testcase classname="testcases.Tc_002_ValidateloginFunctionality" name="validatelogin" time="13.654">
    <failure type="java.lang.AssertionError" message="null">
      <![CDATA[java.lang.AssertionError: null
at testcases.Tc_002_ValidateloginFunctionality.validatelogin(Tc_002_ValidateloginFunctionality.java:43)
at java.base/java.util.ArrayList.forEach(ArrayList.java:1511)
... Removed 27 stack frames]]>
    </failure>
  </testcase> <!-- validatelogin -->
</testsuite> <!-- Test(failed) -->
