<?xml version="1.0" encoding="UTF-8"?>
<testng-results ignored="0" total="2" passed="1" failed="1" skipped="0">
  <reporter-output>
  </reporter-output>
  <suite started-at="2024-06-10T11:13:44 IST" name="Suite" finished-at="2024-06-10T11:14:08 IST" duration-ms="24130">
    <groups>
      <group name="Master">
        <method signature="Tc_001_ValidateAccountRegestration.vaildate_AccountCreation()[pri:0, instance:testcases.Tc_001_ValidateAccountRegestration@36bc55de]" name="vaildate_AccountCreation" class="testcases.Tc_001_ValidateAccountRegestration"/>
        <method signature="Tc_002_ValidateloginFunctionality.validatelogin()[pri:0, instance:testcases.Tc_002_ValidateloginFunctionality@223d2c72]" name="validatelogin" class="testcases.Tc_002_ValidateloginFunctionality"/>
      </group> <!-- Master -->
      <group name="Sanity">
        <method signature="Tc_002_ValidateloginFunctionality.validatelogin()[pri:0, instance:testcases.Tc_002_ValidateloginFunctionality@223d2c72]" name="validatelogin" class="testcases.Tc_002_ValidateloginFunctionality"/>
      </group> <!-- Sanity -->
      <group name="Regression">
        <method signature="Tc_001_ValidateAccountRegestration.vaildate_AccountCreation()[pri:0, instance:testcases.Tc_001_ValidateAccountRegestration@36bc55de]" name="vaildate_AccountCreation" class="testcases.Tc_001_ValidateAccountRegestration"/>
      </group> <!-- Regression -->
    </groups>
    <test started-at="2024-06-10T11:13:44 IST" name="Test" finished-at="2024-06-10T11:14:08 IST" duration-ms="24130">
      <class name="testcases.Tc_002_ValidateloginFunctionality">
        <test-method is-config="true" signature="setup(java.lang.String)[pri:0, instance:testcases.Tc_002_ValidateloginFunctionality@223d2c72]" started-at="2024-06-10T11:14:02 IST" name="setup" finished-at="2024-06-10T11:14:05 IST" duration-ms="3040" status="PASS">
          <params>
            <param index="0">
              <value>
                <![CDATA[Chrome]]>
              </value>
            </param>
          </params>
          <reporter-output>
          </reporter-output>
        </test-method> <!-- setup -->
        <test-method signature="validatelogin()[pri:0, instance:testcases.Tc_002_ValidateloginFunctionality@223d2c72]" started-at="2024-06-10T11:14:05 IST" name="validatelogin" finished-at="2024-06-10T11:14:08 IST" duration-ms="2781" status="PASS">
          <reporter-output>
          </reporter-output>
        </test-method> <!-- validatelogin -->
        <test-method is-config="true" signature="tear()[pri:0, instance:testcases.Tc_002_ValidateloginFunctionality@223d2c72]" started-at="2024-06-10T11:14:08 IST" name="tear" finished-at="2024-06-10T11:14:08 IST" duration-ms="151" status="PASS">
          <reporter-output>
          </reporter-output>
        </test-method> <!-- tear -->
      </class> <!-- testcases.Tc_002_ValidateloginFunctionality -->
      <class name="testcases.Tc_001_ValidateAccountRegestration">
        <test-method is-config="true" signature="setup(java.lang.String)[pri:0, instance:testcases.Tc_001_ValidateAccountRegestration@36bc55de]" started-at="2024-06-10T11:13:44 IST" name="setup" finished-at="2024-06-10T11:13:49 IST" duration-ms="5045" status="PASS">
          <params>
            <param index="0">
              <value>
                <![CDATA[Chrome]]>
              </value>
            </param>
          </params>
          <reporter-output>
          </reporter-output>
        </test-method> <!-- setup -->
        <test-method signature="vaildate_AccountCreation()[pri:0, instance:testcases.Tc_001_ValidateAccountRegestration@36bc55de]" started-at="2024-06-10T11:13:49 IST" name="vaildate_AccountCreation" finished-at="2024-06-10T11:14:02 IST" duration-ms="12356" status="FAIL">
          <exception class="java.lang.AssertionError">
            <message>
              <![CDATA[null]]>
            </message>
            <full-stacktrace>
              <![CDATA[java.lang.AssertionError: null
at org.testng.Assert.fail(Assert.java:111)
at org.testng.Assert.fail(Assert.java:116)
at testcases.Tc_001_ValidateAccountRegestration.vaildate_AccountCreation(Tc_001_ValidateAccountRegestration.java:50)
at java.base/jdk.internal.reflect.DirectMethodHandleAccessor.invoke(DirectMethodHandleAccessor.java:104)
at java.base/java.lang.reflect.Method.invoke(Method.java:578)
at org.testng.internal.invokers.MethodInvocationHelper.invokeMethod(MethodInvocationHelper.java:141)
at org.testng.internal.invokers.TestInvoker.invokeMethod(TestInvoker.java:686)
at org.testng.internal.invokers.TestInvoker.invokeTestMethod(TestInvoker.java:230)
at org.testng.internal.invokers.MethodRunner.runInSequence(MethodRunner.java:63)
at org.testng.internal.invokers.TestInvoker$MethodInvocationAgent.invoke(TestInvoker.java:992)
at org.testng.internal.invokers.TestInvoker.invokeTestMethods(TestInvoker.java:203)
at org.testng.internal.invokers.TestMethodWorker.invokeTestMethods(TestMethodWorker.java:154)
at org.testng.internal.invokers.TestMethodWorker.run(TestMethodWorker.java:134)
at java.base/java.util.ArrayList.forEach(ArrayList.java:1511)
at org.testng.TestRunner.privateRun(TestRunner.java:739)
at org.testng.TestRunner.run(TestRunner.java:614)
at org.testng.SuiteRunner.runTest(SuiteRunner.java:421)
at org.testng.SuiteRunner.runSequentially(SuiteRunner.java:413)
at org.testng.SuiteRunner.privateRun(SuiteRunner.java:373)
at org.testng.SuiteRunner.run(SuiteRunner.java:312)
at org.testng.SuiteRunnerWorker.runSuite(SuiteRunnerWorker.java:52)
at org.testng.SuiteRunnerWorker.run(SuiteRunnerWorker.java:95)
at org.testng.TestNG.runSuitesSequentially(TestNG.java:1274)
at org.testng.TestNG.runSuitesLocally(TestNG.java:1208)
at org.testng.TestNG.runSuites(TestNG.java:1112)
at org.testng.TestNG.run(TestNG.java:1079)
at org.apache.maven.surefire.testng.TestNGExecutor.run(TestNGExecutor.java:308)
at org.apache.maven.surefire.testng.TestNGXmlTestSuite.execute(TestNGXmlTestSuite.java:71)
at org.apache.maven.surefire.testng.TestNGProvider.invoke(TestNGProvider.java:113)
at org.apache.maven.surefire.booter.ForkedBooter.runSuitesInProcess(ForkedBooter.java:385)
at org.apache.maven.surefire.booter.ForkedBooter.execute(ForkedBooter.java:162)
at org.apache.maven.surefire.booter.ForkedBooter.run(ForkedBooter.java:507)
at org.apache.maven.surefire.booter.ForkedBooter.main(ForkedBooter.java:495)
]]>
            </full-stacktrace>
          </exception> <!-- java.lang.AssertionError -->
          <reporter-output>
          </reporter-output>
        </test-method> <!-- vaildate_AccountCreation -->
        <test-method is-config="true" signature="tear()[pri:0, instance:testcases.Tc_001_ValidateAccountRegestration@36bc55de]" started-at="2024-06-10T11:14:02 IST" name="tear" finished-at="2024-06-10T11:14:02 IST" duration-ms="233" status="PASS">
          <reporter-output>
          </reporter-output>
        </test-method> <!-- tear -->
      </class> <!-- testcases.Tc_001_ValidateAccountRegestration -->
    </test> <!-- Test -->
  </suite> <!-- Suite -->
</testng-results>
