<?xml version="1.0" encoding="UTF-8"?>
<testng-results ignored="0" total="2" passed="1" failed="1" skipped="0">
  <reporter-output>
  </reporter-output>
  <suite started-at="2024-06-10T11:07:12 IST" name="Suite" finished-at="2024-06-10T11:07:50 IST" duration-ms="37572">
    <groups>
      <group name="Master">
        <method signature="Tc_001_ValidateAccountRegestration.vaildate_AccountCreation()[pri:0, instance:testcases.Tc_001_ValidateAccountRegestration@7e07db1f]" name="vaildate_AccountCreation" class="testcases.Tc_001_ValidateAccountRegestration"/>
        <method signature="Tc_002_ValidateloginFunctionality.validatelogin()[pri:0, instance:testcases.Tc_002_ValidateloginFunctionality@8f4ea7c]" name="validatelogin" class="testcases.Tc_002_ValidateloginFunctionality"/>
      </group> <!-- Master -->
      <group name="Sanity">
        <method signature="Tc_002_ValidateloginFunctionality.validatelogin()[pri:0, instance:testcases.Tc_002_ValidateloginFunctionality@8f4ea7c]" name="validatelogin" class="testcases.Tc_002_ValidateloginFunctionality"/>
      </group> <!-- Sanity -->
      <group name="Regression">
        <method signature="Tc_001_ValidateAccountRegestration.vaildate_AccountCreation()[pri:0, instance:testcases.Tc_001_ValidateAccountRegestration@7e07db1f]" name="vaildate_AccountCreation" class="testcases.Tc_001_ValidateAccountRegestration"/>
      </group> <!-- Regression -->
    </groups>
    <test started-at="2024-06-10T11:07:12 IST" name="Test" finished-at="2024-06-10T11:07:50 IST" duration-ms="37572">
      <class name="testcases.Tc_002_ValidateloginFunctionality">
        <test-method is-config="true" signature="setup(java.lang.String)[pri:0, instance:testcases.Tc_002_ValidateloginFunctionality@8f4ea7c]" started-at="2024-06-10T11:07:42 IST" name="setup" finished-at="2024-06-10T11:07:45 IST" duration-ms="3455" status="PASS">
          <params>
            <param index="0">
              <value>
                <![CDATA[Chrome]]>
              </value>
            </param>
          </params>
          <reporter-output>
          </reporter-output>
        </test-method> <!-- setup -->
        <test-method signature="validatelogin()[pri:0, instance:testcases.Tc_002_ValidateloginFunctionality@8f4ea7c]" started-at="2024-06-10T11:07:45 IST" name="validatelogin" finished-at="2024-06-10T11:07:49 IST" duration-ms="4097" status="PASS">
          <reporter-output>
          </reporter-output>
        </test-method> <!-- validatelogin -->
        <test-method is-config="true" signature="tear()[pri:0, instance:testcases.Tc_002_ValidateloginFunctionality@8f4ea7c]" started-at="2024-06-10T11:07:49 IST" name="tear" finished-at="2024-06-10T11:07:50 IST" duration-ms="203" status="PASS">
          <reporter-output>
          </reporter-output>
        </test-method> <!-- tear -->
      </class> <!-- testcases.Tc_002_ValidateloginFunctionality -->
      <class name="testcases.Tc_001_ValidateAccountRegestration">
        <test-method is-config="true" signature="setup(java.lang.String)[pri:0, instance:testcases.Tc_001_ValidateAccountRegestration@7e07db1f]" started-at="2024-06-10T11:07:13 IST" name="setup" finished-at="2024-06-10T11:07:27 IST" duration-ms="14211" status="PASS">
          <params>
            <param index="0">
              <value>
                <![CDATA[Chrome]]>
              </value>
            </param>
          </params>
          <reporter-output>
          </reporter-output>
        </test-method> <!-- setup -->
        <test-method signature="vaildate_AccountCreation()[pri:0, instance:testcases.Tc_001_ValidateAccountRegestration@7e07db1f]" started-at="2024-06-10T11:07:27 IST" name="vaildate_AccountCreation" finished-at="2024-06-10T11:07:41 IST" duration-ms="14450" status="FAIL">
          <exception class="java.lang.AssertionError">
            <message>
              <![CDATA[null]]>
            </message>
            <full-stacktrace>
              <![CDATA[java.lang.AssertionError: null
at org.testng.Assert.fail(Assert.java:99)
at org.testng.Assert.fail(Assert.java:106)
at testcases.Tc_001_ValidateAccountRegestration.vaildate_AccountCreation(Tc_001_ValidateAccountRegestration.java:50)
at java.base/jdk.internal.reflect.DirectMethodHandleAccessor.invoke(DirectMethodHandleAccessor.java:104)
at java.base/java.lang.reflect.Method.invoke(Method.java:578)
at org.testng.internal.MethodInvocationHelper.invokeMethod(MethodInvocationHelper.java:133)
at org.testng.internal.TestInvoker.invokeMethod(TestInvoker.java:598)
at org.testng.internal.TestInvoker.invokeTestMethod(TestInvoker.java:173)
at org.testng.internal.MethodRunner.runInSequence(MethodRunner.java:46)
at org.testng.internal.TestInvoker$MethodInvocationAgent.invoke(TestInvoker.java:824)
at org.testng.internal.TestInvoker.invokeTestMethods(TestInvoker.java:146)
at org.testng.internal.TestMethodWorker.invokeTestMethods(TestMethodWorker.java:146)
at org.testng.internal.TestMethodWorker.run(TestMethodWorker.java:128)
at java.base/java.util.ArrayList.forEach(ArrayList.java:1511)
at org.testng.TestRunner.privateRun(TestRunner.java:794)
at org.testng.TestRunner.run(TestRunner.java:596)
at org.testng.SuiteRunner.runTest(SuiteRunner.java:377)
at org.testng.SuiteRunner.runSequentially(SuiteRunner.java:371)
at org.testng.SuiteRunner.privateRun(SuiteRunner.java:332)
at org.testng.SuiteRunner.run(SuiteRunner.java:276)
at org.testng.SuiteRunnerWorker.runSuite(SuiteRunnerWorker.java:53)
at org.testng.SuiteRunnerWorker.run(SuiteRunnerWorker.java:96)
at org.testng.TestNG.runSuitesSequentially(TestNG.java:1212)
at org.testng.TestNG.runSuitesLocally(TestNG.java:1134)
at org.testng.TestNG.runSuites(TestNG.java:1063)
at org.testng.TestNG.run(TestNG.java:1031)
at org.testng.remote.AbstractRemoteTestNG.run(AbstractRemoteTestNG.java:115)
at org.testng.remote.RemoteTestNG.initAndRun(RemoteTestNG.java:251)
at org.testng.remote.RemoteTestNG.main(RemoteTestNG.java:77)
]]>
            </full-stacktrace>
          </exception> <!-- java.lang.AssertionError -->
          <reporter-output>
          </reporter-output>
        </test-method> <!-- vaildate_AccountCreation -->
        <test-method is-config="true" signature="tear()[pri:0, instance:testcases.Tc_001_ValidateAccountRegestration@7e07db1f]" started-at="2024-06-10T11:07:42 IST" name="tear" finished-at="2024-06-10T11:07:42 IST" duration-ms="226" status="PASS">
          <reporter-output>
          </reporter-output>
        </test-method> <!-- tear -->
      </class> <!-- testcases.Tc_001_ValidateAccountRegestration -->
    </test> <!-- Test -->
  </suite> <!-- Suite -->
</testng-results>
